# JRE version: OpenJDK Runtime Environment (8.0_152-b06) (build 1.8.0_152-release-1136-b06)
# Java VM: OpenJDK 64-Bit Server VM (25.152-b06 mixed mode linux-amd64 compressed oops)
Heap:
 PSYoungGen      total 299520K, used 6104K [0x00000000e0000000, 0x00000000f9f80000, 0x0000000100000000)
  eden space 266240K, 0% used [0x00000000e0000000,0x00000000e0000000,0x00000000f0400000)
  from space 33280K, 18% used [0x00000000f3e00000,0x00000000f43f62b0,0x00000000f5e80000)
  to   space 59392K, 0% used [0x00000000f0400000,0x00000000f0400000,0x00000000f3e00000)
 ParOldGen       total 131584K, used 131550K [0x00000000a0000000, 0x00000000a8080000, 0x00000000e0000000)
  object space 131584K, 99% used [0x00000000a0000000,0x00000000a8077ad0,0x00000000a8080000)
 Metaspace       used 86724K, capacity 90520K, committed 90840K, reserved 1128448K
  class space    used 11327K, capacity 12165K, committed 12288K, reserved 1048576K
GC Heap History (10 events):
Event: 232.063 GC heap after
Heap after GC invocations=15 (full 3):
 PSYoungGen      total 246272K, used 7709K [0x00000000e0000000, 0x00000000f0e80000, 0x0000000100000000)
  eden space 230912K, 0% used [0x00000000e0000000,0x00000000e0000000,0x00000000ee180000)
  from space 15360K, 50% used [0x00000000eff80000,0x00000000f0707720,0x00000000f0e80000)
  to   space 23040K, 0% used [0x00000000ee180000,0x00000000ee180000,0x00000000ef800000)
 ParOldGen       total 131584K, used 38056K [0x00000000a0000000, 0x00000000a8080000, 0x00000000e0000000)
  object space 131584K, 28% used [0x00000000a0000000,0x00000000a252a250,0x00000000a8080000)
 Metaspace       used 67255K, capacity 69528K, committed 69848K, reserved 1110016K
  class space    used 8860K, capacity 9379K, committed 9472K, reserved 1048576K
}
Event: 371.723 GC heap before
{Heap before GC invocations=16 (full 3):
 PSYoungGen      total 246272K, used 238621K [0x00000000e0000000, 0x00000000f0e80000, 0x0000000100000000)
  eden space 230912K, 100% used [0x00000000e0000000,0x00000000ee180000,0x00000000ee180000)
  from space 15360K, 50% used [0x00000000eff80000,0x00000000f0707720,0x00000000f0e80000)
  to   space 23040K, 0% used [0x00000000ee180000,0x00000000ee180000,0x00000000ef800000)
 ParOldGen       total 131584K, used 38056K [0x00000000a0000000, 0x00000000a8080000, 0x00000000e0000000)
  object space 131584K, 28% used [0x00000000a0000000,0x00000000a252a250,0x00000000a8080000)
 Metaspace       used 70690K, capacity 73428K, committed 73560K, reserved 1112064K
  class space    used 9370K, capacity 10024K, committed 10112K, reserved 1048576K
Event: 371.775 GC heap after
Heap after GC invocations=16 (full 3):
 PSYoungGen      total 253952K, used 22200K [0x00000000e0000000, 0x00000000f3a80000, 0x0000000100000000)
  eden space 230912K, 0% used [0x00000000e0000000,0x00000000e0000000,0x00000000ee180000)
  from space 23040K, 96% used [0x00000000ee180000,0x00000000ef72e0d0,0x00000000ef800000)
  to   space 26112K, 0% used [0x00000000f2100000,0x00000000f2100000,0x00000000f3a80000)
 ParOldGen       total 131584K, used 38064K [0x00000000a0000000, 0x00000000a8080000, 0x00000000e0000000)
  object space 131584K, 28% used [0x00000000a0000000,0x00000000a252c250,0x00000000a8080000)
 Metaspace       used 70690K, capacity 73428K, committed 73560K, reserved 1112064K
  class space    used 9370K, capacity 10024K, committed 10112K, reserved 1048576K
}
Event: 422.399 GC heap before
{Heap before GC invocations=17 (full 3):
 PSYoungGen      total 253952K, used 253112K [0x00000000e0000000, 0x00000000f3a80000, 0x0000000100000000)
  eden space 230912K, 100% used [0x00000000e0000000,0x00000000ee180000,0x00000000ee180000)
  from space 23040K, 96% used [0x00000000ee180000,0x00000000ef72e0d0,0x00000000ef800000)
  to   space 26112K, 0% used [0x00000000f2100000,0x00000000f2100000,0x00000000f3a80000)
 ParOldGen       total 131584K, used 38064K [0x00000000a0000000, 0x00000000a8080000, 0x00000000e0000000)
  object space 131584K, 28% used [0x00000000a0000000,0x00000000a252c250,0x00000000a8080000)
 Metaspace       used 72843K, capacity 75972K, committed 76120K, reserved 1116160K
  class space    used 9617K, capacity 10327K, committed 10368K, reserved 1048576K
Event: 422.445 GC heap after
Heap after GC invocations=17 (full 3):
 PSYoungGen      total 288768K, used 26081K [0x00000000e0000000, 0x00000000f3b80000, 0x0000000100000000)
  eden space 262656K, 0% used [0x00000000e0000000,0x00000000e0000000,0x00000000f0080000)
  from space 26112K, 99% used [0x00000000f2100000,0x00000000f3a78620,0x00000000f3a80000)
  to   space 30208K, 0% used [0x00000000f0080000,0x00000000f0080000,0x00000000f1e00000)
 ParOldGen       total 131584K, used 39456K [0x00000000a0000000, 0x00000000a8080000, 0x00000000e0000000)
  object space 131584K, 29% used [0x00000000a0000000,0x00000000a2688128,0x00000000a8080000)
 Metaspace       used 72843K, capacity 75972K, committed 76120K, reserved 1116160K
  class space    used 9617K, capacity 10327K, committed 10368K, reserved 1048576K
}
Event: 587.116 GC heap before
{Heap before GC invocations=18 (full 3):
 PSYoungGen      total 288768K, used 288737K [0x00000000e0000000, 0x00000000f3b80000, 0x0000000100000000)
  eden space 262656K, 100% used [0x00000000e0000000,0x00000000f0080000,0x00000000f0080000)
  from space 26112K, 99% used [0x00000000f2100000,0x00000000f3a78620,0x00000000f3a80000)
  to   space 30208K, 0% used [0x00000000f0080000,0x00000000f0080000,0x00000000f1e00000)
 ParOldGen       total 131584K, used 39456K [0x00000000a0000000, 0x00000000a8080000, 0x00000000e0000000)
  object space 131584K, 29% used [0x00000000a0000000,0x00000000a2688128,0x00000000a8080000)
 Metaspace       used 77521K, capacity 80620K, committed 80856K, reserved 1120256K
  class space    used 10175K, capacity 10883K, committed 11008K, reserved 1048576K
Event: 587.229 GC heap after
Heap after GC invocations=18 (full 3):
 PSYoungGen      total 292864K, used 25381K [0x00000000e0000000, 0x00000000f5e80000, 0x0000000100000000)
  eden space 262656K, 0% used [0x00000000e0000000,0x00000000e0000000,0x00000000f0080000)
  from space 30208K, 84% used [0x00000000f0080000,0x00000000f19494f0,0x00000000f1e00000)
  to   space 33280K, 0% used [0x00000000f3e00000,0x00000000f3e00000,0x00000000f5e80000)
 ParOldGen       total 131584K, used 56223K [0x00000000a0000000, 0x00000000a8080000, 0x00000000e0000000)
  object space 131584K, 42% used [0x00000000a0000000,0x00000000a36e7e00,0x00000000a8080000)
 Metaspace       used 77521K, capacity 80620K, committed 80856K, reserved 1120256K
  class space    used 10175K, capacity 10883K, committed 11008K, reserved 1048576K
}
Event: 592.396 GC heap before
{Heap before GC invocations=19 (full 3):
 PSYoungGen      total 292864K, used 288037K [0x00000000e0000000, 0x00000000f5e80000, 0x0000000100000000)
  eden space 262656K, 100% used [0x00000000e0000000,0x00000000f0080000,0x00000000f0080000)
  from space 30208K, 84% used [0x00000000f0080000,0x00000000f19494f0,0x00000000f1e00000)
  to   space 33280K, 0% used [0x00000000f3e00000,0x00000000f3e00000,0x00000000f5e80000)
 ParOldGen       total 131584K, used 56223K [0x00000000a0000000, 0x00000000a8080000, 0x00000000e0000000)
  object space 131584K, 42% used [0x00000000a0000000,0x00000000a36e7e00,0x00000000a8080000)
 Metaspace       used 86785K, capacity 90672K, committed 90840K, reserved 1128448K
  class space    used 11349K, capacity 12203K, committed 12288K, reserved 1048576K
Event: 592.538 GC heap after
Heap after GC invocations=19 (full 3):
 PSYoungGen      total 299520K, used 33263K [0x00000000e0000000, 0x00000000f9f80000, 0x0000000100000000)
  eden space 266240K, 0% used [0x00000000e0000000,0x00000000e0000000,0x00000000f0400000)
  from space 33280K, 99% used [0x00000000f3e00000,0x00000000f5e7bf30,0x00000000f5e80000)
  to   space 59392K, 0% used [0x00000000f0400000,0x00000000f0400000,0x00000000f3e00000)
 ParOldGen       total 131584K, used 113199K [0x00000000a0000000, 0x00000000a8080000, 0x00000000e0000000)
  object space 131584K, 86% used [0x00000000a0000000,0x00000000a6e8bce8,0x00000000a8080000)
 Metaspace       used 86785K, capacity 90672K, committed 90840K, reserved 1128448K
  class space    used 11349K, capacity 12203K, committed 12288K, reserved 1048576K
}
Event: 592.538 GC heap before
{Heap before GC invocations=20 (full 4):
 PSYoungGen      total 299520K, used 33263K [0x00000000e0000000, 0x00000000f9f80000, 0x0000000100000000)
  eden space 266240K, 0% used [0x00000000e0000000,0x00000000e0000000,0x00000000f0400000)
  from space 33280K, 99% used [0x00000000f3e00000,0x00000000f5e7bf30,0x00000000f5e80000)
  to   space 59392K, 0% used [0x00000000f0400000,0x00000000f0400000,0x00000000f3e00000)
 ParOldGen       total 131584K, used 113199K [0x00000000a0000000, 0x00000000a8080000, 0x00000000e0000000)
  object space 131584K, 86% used [0x00000000a0000000,0x00000000a6e8bce8,0x00000000a8080000)
 Metaspace       used 86785K, capacity 90672K, committed 90840K, reserved 1128448K
  class space    used 11349K, capacity 12203K, committed 12288K, reserved 1048576K

